DEBUG 2025-04-27T11:14:37.620880700 Starting calculator process...
INFO 2025-04-27T11:14:37.628898500 Starting calculator process...
INFO 2025-04-27T11:14:37.629898600 Select data reader...
INFO 2025-04-27T11:14:37.629898600 Please select data reader:
INFO 2025-04-27T11:14:37.629898600 1. User Input
INFO 2025-04-27T11:14:37.630898400 2. Static Data
INFO 2025-04-27T11:14:41.692238400 Static Data selected
INFO 2025-04-27T11:14:41.693744 Reading data...
INFO 2025-04-27T11:14:41.693744 Calculating...
INFO 2025-04-27T11:14:41.694751900 result: 7.0
DEBUG 2025-04-27T11:14:41.695753800 Starting calculator process...
INFO 2025-04-27T11:14:41.697749600 Starting calculator process...
INFO 2025-04-27T11:14:41.697749600 Select data reader...
INFO 2025-04-27T11:14:41.697749600 Please select data reader:
INFO 2025-04-27T11:14:41.697749600 1. User Input
INFO 2025-04-27T11:14:41.698750300 2. Static Data
INFO 2025-04-27T11:14:42.681224400 Static Data selected
INFO 2025-04-27T11:14:42.682223800 Reading data...
INFO 2025-04-27T11:14:42.682223800 Calculating...
INFO 2025-04-27T11:14:42.683224700 result: 7.0
DEBUG 2025-04-27T11:14:42.683224700 Starting calculator process...
INFO 2025-04-27T11:14:42.683729700 Starting calculator process...
INFO 2025-04-27T11:14:42.683729700 Select data reader...
INFO 2025-04-27T11:14:42.683729700 Please select data reader:
INFO 2025-04-27T11:14:42.683729700 1. User Input
INFO 2025-04-27T11:14:42.684735700 2. Static Data
INFO 2025-04-27T11:14:43.340905900 Static Data selected
INFO 2025-04-27T11:14:43.340905900 Reading data...
INFO 2025-04-27T11:14:43.341907600 Calculating...
INFO 2025-04-27T11:14:43.342414500 result: 7.0
DEBUG 2025-04-27T11:14:43.342414500 Starting calculator process...
INFO 2025-04-27T11:14:43.342414500 Starting calculator process...
INFO 2025-04-27T11:14:43.342414500 Select data reader...
INFO 2025-04-27T11:14:43.342414500 Please select data reader:
INFO 2025-04-27T11:14:43.342414500 1. User Input
INFO 2025-04-27T11:14:43.343941500 2. Static Data
INFO 2025-04-27T11:14:43.932809700 Static Data selected
INFO 2025-04-27T11:14:43.932809700 Reading data...
INFO 2025-04-27T11:14:43.932809700 Calculating...
INFO 2025-04-27T11:14:43.933811100 result: 7.0
DEBUG 2025-04-27T11:14:43.934316400 Starting calculator process...
INFO 2025-04-27T11:14:43.934316400 Starting calculator process...
INFO 2025-04-27T11:14:43.934316400 Select data reader...
INFO 2025-04-27T11:14:43.934316400 Please select data reader:
INFO 2025-04-27T11:14:43.934316400 1. User Input
INFO 2025-04-27T11:14:43.935322900 2. Static Data
